<?xml version="1.0" encoding="UTF-8"?>
<!-- Generated by org.testng.reporters.JUnitReportReporter -->
<testsuite hostname="BCP-ATLT1263" failures="0" tests="3" name="com.Loantestcase.PropertyLoan" time="0.005" errors="0" timestamp="2022-09-03T17:21:43 IST" skipped="0">
  <testcase classname="com.Loantestcase.PropertyLoan" name="MobpagePropertyLoan" time="0.001"/>
  <system-out/>
  <testcase classname="com.Loantestcase.PropertyLoan" name="ApipagePropertyLoan" time="0.002"/>
  <system-out/>
  <testcase classname="com.Loantestcase.PropertyLoan" name="WebpagePropertyLoan" time="0.002"/>
  <system-out/>
</testsuite> <!-- com.Loantestcase.PropertyLoan -->
