<?xml version="1.0" encoding="UTF-8"?>
<!-- Generated by org.testng.reporters.JUnitReportReporter -->
<testsuite hostname="BCP-ATLT1263" failures="0" tests="3" name="com.Loantestcase.PersonalLoan" time="0.004" errors="0" timestamp="2022-09-03T17:21:43 IST" skipped="0">
  <testcase classname="com.Loantestcase.PersonalLoan" name="ApipagePersonalLoan" time="0.001"/>
  <system-out/>
  <testcase classname="com.Loantestcase.PersonalLoan" name="MobpagePersonalLoan" time="0.001"/>
  <system-out/>
  <testcase classname="com.Loantestcase.PersonalLoan" name="WebpagePersonalLoan" time="0.002"/>
  <system-out/>
</testsuite> <!-- com.Loantestcase.PersonalLoan -->
