<?xml version="1.0" encoding="UTF-8"?>
<!-- Generated by org.testng.reporters.JUnitReportReporter -->
<testsuite hostname="BCP-ATLT1263" failures="0" tests="3" name="com.Loantestcase.CarLoan" time="0.014" errors="0" timestamp="2022-09-06T10:25:29 IST" skipped="0">
  <testcase classname="com.Loantestcase.CarLoan" name="Mobpage" time="0.002"/>
  <system-out/>
  <testcase classname="com.Loantestcase.CarLoan" name="Apipage" time="0.009"/>
  <system-out/>
  <testcase classname="com.Loantestcase.CarLoan" name="Webpage" time="0.003"/>
  <system-out/>
</testsuite> <!-- com.Loantestcase.CarLoan -->
