<?xml version="1.0" encoding="UTF-8"?>
<!-- Generated by org.testng.reporters.JUnitReportReporter -->
<testsuite hostname="BCP-ATLT1263" failures="0" tests="4" name="com.Loantestcase.HomeLoan" time="0.006" errors="0" timestamp="2022-09-03T17:21:43 IST" skipped="0">
  <testcase classname="com.Loantestcase.HomeLoan" name="Ytest" time="0.001"/>
  <system-out/>
  <testcase classname="com.Loantestcase.HomeLoan" name="ApipageHomeLoan" time="0.001"/>
  <system-out/>
  <testcase classname="com.Loantestcase.HomeLoan" name="ztest" time="0.002"/>
  <system-out/>
  <testcase classname="com.Loantestcase.HomeLoan" name="WebpageHomeLoan" time="0.002"/>
  <system-out/>
</testsuite> <!-- com.Loantestcase.HomeLoan -->
