<?xml version="1.0" encoding="UTF-8"?>
<!-- Generated by org.testng.reporters.JUnitReportReporter -->
<testsuite hostname="BCP-ATLT1263" failures="0" tests="3" name="com.Loantestcase.EducationLoan" time="0.016" errors="0" timestamp="2022-09-03T17:21:43 IST" skipped="0">
  <testcase classname="com.Loantestcase.EducationLoan" name="MobpageEducationLoan" time="0.001"/>
  <system-out/>
  <testcase classname="com.Loantestcase.EducationLoan" name="ApipageEducationLoan" time="0.007"/>
  <system-out/>
  <testcase classname="com.Loantestcase.EducationLoan" name="WebpageEducationLoan" time="0.008"/>
  <system-out/>
</testsuite> <!-- com.Loantestcase.EducationLoan -->
